<?xml version="1.0" encoding="UTF-8"?>
<!-- Generated by org.testng.reporters.JUnitXMLReporter -->
<testsuite ignored="0" hostname="SriSaro-PC" failures="0" tests="3" name="Default test" time="22.516" errors="0" timestamp="2026-01-27T13:26:06 EST">
  <testcase classname="CampaignTest.CreateCampaignTest" name="createCampaignWithExpectedCloseDateTest" time="2.387"/>
  <testcase classname="CampaignTest.CreateCampaignTest" name="createCampaignWithMandatoryFieldsTest" time="1.677"/>
  <testcase classname="CampaignTest.CreateCampaignTest" name="createCampaignWithStatusTest" time="1.666"/>
</testsuite> <!-- Default test -->
