<?xml version="1.0" encoding="UTF-8"?>
<!-- Generated by org.testng.reporters.JUnitXMLReporter -->
<testsuite ignored="4" hostname="SriSaro-PC" failures="1" tests="5" name="Test" time="83.196" errors="0" timestamp="2025-11-10T21:37:23 EST">
  <testcase classname="CampaignTest.CreateCampaignTest" name="createCampaignWithExpectedCloseDateTest" time="2.682"/>
  <testcase classname="CampaignTest.CreateCampaignTest" name="createCampaignWithMandatoryFieldsTest" time="1.67">
    <failure type="java.lang.AssertionError">
      <![CDATA[java.lang.AssertionError: 
at CampaignTest.CreateCampaignTest.createCampaignWithMandatoryFieldsTest(CreateCampaignTest.java:58)
at java.base/java.util.ArrayList.forEach(ArrayList.java:1597)
... Removed 28 stack frames]]>
    </failure>
  </testcase> <!-- createCampaignWithMandatoryFieldsTest -->
  <testcase classname="CampaignTest.CreateCampaignTest" name="createCampaignWithStatusTest" time="1.754"/>
  <testcase classname="ProductTest.CreateProductTest" name="createProductLaptopTest" time="22.64"/>
  <testcase classname="ProductTest.CreateProductTest" name="createProductMobileTest" time="22.161"/>
  <testcase classname="genericUtilities.BaseClass" name="@AfterSuite afterSuite" time="0.0">
    <ignored/>
  </testcase> <!-- @AfterSuite afterSuite -->
  <testcase classname="genericUtilities.BaseClass" name="@BeforeSuite beforeSuite" time="0.0">
    <ignored/>
  </testcase> <!-- @BeforeSuite beforeSuite -->
  <testcase classname="genericUtilities.BaseClass" name="@AfterTest afterTest" time="0.0">
    <ignored/>
  </testcase> <!-- @AfterTest afterTest -->
  <testcase classname="genericUtilities.BaseClass" name="@BeforeTest beforeTest" time="0.0">
    <ignored/>
  </testcase> <!-- @BeforeTest beforeTest -->
</testsuite> <!-- Test -->
