<?xml version="1.0" encoding="UTF-8"?>
<!-- Generated by org.testng.reporters.JUnitXMLReporter -->
<testsuite ignored="4" hostname="SriSaro-PC" failures="1" tests="5" name="Test1" time="86.066" errors="0" timestamp="2025-11-09T22:35:33 EST">
  <testcase classname="CampaignTest.CreateCampaignTest" name="createCampaignWithExpectedCloseDateTest" time="2.951"/>
  <testcase classname="CampaignTest.CreateCampaignTest" name="createCampaignWithMandatoryFieldsTest" time="1.752">
    <failure type="java.lang.AssertionError">
      <![CDATA[java.lang.AssertionError: 
at CampaignTest.CreateCampaignTest.createCampaignWithMandatoryFieldsTest(CreateCampaignTest.java:58)
at java.base/java.util.ArrayList.forEach(ArrayList.java:1597)
at java.base/java.util.concurrent.FutureTask.run(FutureTask.java:317)
at java.base/java.util.concurrent.ThreadPoolExecutor.runWorker(ThreadPoolExecutor.java:1144)
at java.base/java.util.concurrent.ThreadPoolExecutor$Worker.run(ThreadPoolExecutor.java:642)
at java.base/java.lang.Thread.run(Thread.java:1575)
... Removed 18 stack frames]]>
    </failure>
  </testcase> <!-- createCampaignWithMandatoryFieldsTest -->
  <testcase classname="CampaignTest.CreateCampaignTest" name="createCampaignWithStatusTest" time="1.821"/>
  <testcase classname="ProductTest.CreateProductTest" name="createProductLaptopTest" time="22.605"/>
  <testcase classname="ProductTest.CreateProductTest" name="createProductMobileTest" time="22.234"/>
  <testcase classname="genericUtilities.BaseClass" name="@BeforeTest beforeTest" time="0.0">
    <ignored/>
  </testcase> <!-- @BeforeTest beforeTest -->
  <testcase classname="genericUtilities.BaseClass" name="@AfterSuite afterSuite" time="0.0">
    <ignored/>
  </testcase> <!-- @AfterSuite afterSuite -->
  <testcase classname="genericUtilities.BaseClass" name="@AfterTest afterTest" time="0.0">
    <ignored/>
  </testcase> <!-- @AfterTest afterTest -->
  <testcase classname="genericUtilities.BaseClass" name="@BeforeSuite beforeSuite" time="0.0">
    <ignored/>
  </testcase> <!-- @BeforeSuite beforeSuite -->
</testsuite> <!-- Test1 -->
