<?xml version="1.0" encoding="UTF-8"?>
<testng-results ignored="0" total="5" passed="4" failed="1" skipped="0">
  <reporter-output>
  </reporter-output>
  <suite started-at="2025-11-10T21:36:00 EST" name="Suite" finished-at="2025-11-10T21:37:23 EST" duration-ms="83196">
    <groups>
      <group name="regression">
        <method signature="CreateCampaignTest.createCampaignWithExpectedCloseDateTest()[pri:0, instance:CampaignTest.CreateCampaignTest@152aa092]" name="createCampaignWithExpectedCloseDateTest" class="CampaignTest.CreateCampaignTest"/>
        <method signature="CreateCampaignTest.createCampaignWithMandatoryFieldsTest()[pri:0, instance:CampaignTest.CreateCampaignTest@152aa092]" name="createCampaignWithMandatoryFieldsTest" class="CampaignTest.CreateCampaignTest"/>
        <method signature="CreateCampaignTest.createCampaignWithStatusTest()[pri:0, instance:CampaignTest.CreateCampaignTest@152aa092]" name="createCampaignWithStatusTest" class="CampaignTest.CreateCampaignTest"/>
        <method signature="CreateProductTest.createProductLaptopTest()[pri:0, instance:ProductTest.CreateProductTest@1bb266b3]" name="createProductLaptopTest" class="ProductTest.CreateProductTest"/>
        <method signature="CreateProductTest.createProductMobileTest()[pri:0, instance:ProductTest.CreateProductTest@1bb266b3]" name="createProductMobileTest" class="ProductTest.CreateProductTest"/>
      </group> <!-- regression -->
      <group name="smoke">
        <method signature="CreateCampaignTest.createCampaignWithMandatoryFieldsTest()[pri:0, instance:CampaignTest.CreateCampaignTest@152aa092]" name="createCampaignWithMandatoryFieldsTest" class="CampaignTest.CreateCampaignTest"/>
        <method signature="CreateProductTest.createProductMobileTest()[pri:0, instance:ProductTest.CreateProductTest@1bb266b3]" name="createProductMobileTest" class="ProductTest.CreateProductTest"/>
      </group> <!-- smoke -->
    </groups>
    <test started-at="2025-11-10T21:36:00 EST" name="Test" finished-at="2025-11-10T21:37:23 EST" duration-ms="83196">
      <class name="ProductTest.CreateProductTest">
        <test-method is-config="true" signature="beforeClass()[pri:0, instance:ProductTest.CreateProductTest@1bb266b3]" started-at="2025-11-10T21:36:24 EST" name="beforeClass" finished-at="2025-11-10T21:36:26 EST" duration-ms="1345" status="PASS">
          <reporter-output>
          </reporter-output>
        </test-method> <!-- beforeClass -->
        <test-method is-config="true" signature="beforeMethod()[pri:0, instance:ProductTest.CreateProductTest@1bb266b3]" started-at="2025-11-10T21:36:26 EST" name="beforeMethod" finished-at="2025-11-10T21:36:30 EST" duration-ms="4873" status="PASS">
          <reporter-output>
          </reporter-output>
        </test-method> <!-- beforeMethod -->
        <test-method signature="createProductLaptopTest()[pri:0, instance:ProductTest.CreateProductTest@1bb266b3]" started-at="2025-11-10T21:36:30 EST" name="createProductLaptopTest" finished-at="2025-11-10T21:36:53 EST" duration-ms="22640" status="PASS">
          <reporter-output>
          </reporter-output>
        </test-method> <!-- createProductLaptopTest -->
        <test-method is-config="true" signature="afterMethod()[pri:0, instance:ProductTest.CreateProductTest@1bb266b3]" started-at="2025-11-10T21:36:53 EST" name="afterMethod" finished-at="2025-11-10T21:36:56 EST" duration-ms="3328" status="PASS">
          <reporter-output>
          </reporter-output>
        </test-method> <!-- afterMethod -->
        <test-method is-config="true" signature="beforeMethod()[pri:0, instance:ProductTest.CreateProductTest@1bb266b3]" started-at="2025-11-10T21:36:56 EST" name="beforeMethod" finished-at="2025-11-10T21:36:59 EST" duration-ms="2668" status="PASS">
          <reporter-output>
          </reporter-output>
        </test-method> <!-- beforeMethod -->
        <test-method signature="createProductMobileTest()[pri:0, instance:ProductTest.CreateProductTest@1bb266b3]" started-at="2025-11-10T21:36:59 EST" name="createProductMobileTest" finished-at="2025-11-10T21:37:21 EST" duration-ms="22161" status="PASS">
          <reporter-output>
          </reporter-output>
        </test-method> <!-- createProductMobileTest -->
        <test-method is-config="true" signature="afterMethod()[pri:0, instance:ProductTest.CreateProductTest@1bb266b3]" started-at="2025-11-10T21:37:21 EST" name="afterMethod" finished-at="2025-11-10T21:37:23 EST" duration-ms="1489" status="PASS">
          <reporter-output>
          </reporter-output>
        </test-method> <!-- afterMethod -->
        <test-method is-config="true" signature="afterClass()[pri:0, instance:ProductTest.CreateProductTest@1bb266b3]" started-at="2025-11-10T21:37:23 EST" name="afterClass" finished-at="2025-11-10T21:37:23 EST" duration-ms="293" status="PASS">
          <reporter-output>
          </reporter-output>
        </test-method> <!-- afterClass -->
      </class> <!-- ProductTest.CreateProductTest -->
      <class name="CampaignTest.CreateCampaignTest">
        <test-method is-config="true" signature="beforeSuite()[pri:0, instance:CampaignTest.CreateCampaignTest@152aa092]" started-at="2025-11-10T21:36:00 EST" name="beforeSuite" finished-at="2025-11-10T21:36:00 EST" duration-ms="17" status="PASS">
          <reporter-output>
          </reporter-output>
        </test-method> <!-- beforeSuite -->
        <test-method is-config="true" signature="beforeTest()[pri:0, instance:CampaignTest.CreateCampaignTest@152aa092]" started-at="2025-11-10T21:36:00 EST" name="beforeTest" finished-at="2025-11-10T21:36:00 EST" duration-ms="2" status="PASS">
          <reporter-output>
          </reporter-output>
        </test-method> <!-- beforeTest -->
        <test-method is-config="true" signature="beforeClass()[pri:0, instance:CampaignTest.CreateCampaignTest@152aa092]" started-at="2025-11-10T21:36:00 EST" name="beforeClass" finished-at="2025-11-10T21:36:02 EST" duration-ms="2551" status="PASS">
          <reporter-output>
          </reporter-output>
        </test-method> <!-- beforeClass -->
        <test-method is-config="true" signature="beforeMethod()[pri:0, instance:CampaignTest.CreateCampaignTest@152aa092]" started-at="2025-11-10T21:36:02 EST" name="beforeMethod" finished-at="2025-11-10T21:36:07 EST" duration-ms="4878" status="PASS">
          <reporter-output>
          </reporter-output>
        </test-method> <!-- beforeMethod -->
        <test-method signature="createCampaignWithExpectedCloseDateTest()[pri:0, instance:CampaignTest.CreateCampaignTest@152aa092]" started-at="2025-11-10T21:36:07 EST" name="createCampaignWithExpectedCloseDateTest" finished-at="2025-11-10T21:36:10 EST" duration-ms="2682" status="PASS">
          <reporter-output>
          </reporter-output>
        </test-method> <!-- createCampaignWithExpectedCloseDateTest -->
        <test-method is-config="true" signature="afterMethod()[pri:0, instance:CampaignTest.CreateCampaignTest@152aa092]" started-at="2025-11-10T21:36:10 EST" name="afterMethod" finished-at="2025-11-10T21:36:14 EST" duration-ms="3809" status="PASS">
          <reporter-output>
          </reporter-output>
        </test-method> <!-- afterMethod -->
        <test-method is-config="true" signature="beforeMethod()[pri:0, instance:CampaignTest.CreateCampaignTest@152aa092]" started-at="2025-11-10T21:36:14 EST" name="beforeMethod" finished-at="2025-11-10T21:36:16 EST" duration-ms="1696" status="PASS">
          <reporter-output>
          </reporter-output>
        </test-method> <!-- beforeMethod -->
        <test-method signature="createCampaignWithMandatoryFieldsTest()[pri:0, instance:CampaignTest.CreateCampaignTest@152aa092]" started-at="2025-11-10T21:36:16 EST" name="createCampaignWithMandatoryFieldsTest" finished-at="2025-11-10T21:36:17 EST" duration-ms="1670" status="FAIL">
          <exception class="java.lang.AssertionError">
            <full-stacktrace>
              <![CDATA[java.lang.AssertionError: 
at org.testng.AssertJUnit.fail(AssertJUnit.java:65)
at org.testng.AssertJUnit.assertTrue(AssertJUnit.java:23)
at org.testng.AssertJUnit.assertTrue(AssertJUnit.java:33)
at CampaignTest.CreateCampaignTest.createCampaignWithMandatoryFieldsTest(CreateCampaignTest.java:58)
at java.base/jdk.internal.reflect.DirectMethodHandleAccessor.invoke(DirectMethodHandleAccessor.java:103)
at java.base/java.lang.reflect.Method.invoke(Method.java:580)
at org.testng.internal.invokers.MethodInvocationHelper.invokeMethod(MethodInvocationHelper.java:141)
at org.testng.internal.invokers.TestInvoker.invokeMethod(TestInvoker.java:687)
at org.testng.internal.invokers.TestInvoker.invokeTestMethod(TestInvoker.java:230)
at org.testng.internal.invokers.MethodRunner.runInSequence(MethodRunner.java:63)
at org.testng.internal.invokers.TestInvoker$MethodInvocationAgent.invoke(TestInvoker.java:995)
at org.testng.internal.invokers.TestInvoker.invokeTestMethods(TestInvoker.java:203)
at org.testng.internal.invokers.TestMethodWorker.invokeTestMethods(TestMethodWorker.java:154)
at org.testng.internal.invokers.TestMethodWorker.run(TestMethodWorker.java:134)
at java.base/java.util.ArrayList.forEach(ArrayList.java:1597)
at org.testng.TestRunner.privateRun(TestRunner.java:741)
at org.testng.TestRunner.run(TestRunner.java:616)
at org.testng.SuiteRunner.runTest(SuiteRunner.java:421)
at org.testng.SuiteRunner.runSequentially(SuiteRunner.java:413)
at org.testng.SuiteRunner.privateRun(SuiteRunner.java:373)
at org.testng.SuiteRunner.run(SuiteRunner.java:312)
at org.testng.SuiteRunnerWorker.runSuite(SuiteRunnerWorker.java:52)
at org.testng.SuiteRunnerWorker.run(SuiteRunnerWorker.java:95)
at org.testng.TestNG.runSuitesSequentially(TestNG.java:1274)
at org.testng.TestNG.runSuitesLocally(TestNG.java:1208)
at org.testng.TestNG.runSuites(TestNG.java:1112)
at org.testng.TestNG.run(TestNG.java:1079)
at org.testng.remote.AbstractRemoteTestNG.run(AbstractRemoteTestNG.java:115)
at org.testng.remote.RemoteTestNG.initAndRun(RemoteTestNG.java:293)
at org.testng.remote.RemoteTestNG.main(RemoteTestNG.java:91)
]]>
            </full-stacktrace>
          </exception> <!-- java.lang.AssertionError -->
          <reporter-output>
          </reporter-output>
        </test-method> <!-- createCampaignWithMandatoryFieldsTest -->
        <test-method is-config="true" signature="afterMethod()[pri:0, instance:CampaignTest.CreateCampaignTest@152aa092]" started-at="2025-11-10T21:36:17 EST" name="afterMethod" finished-at="2025-11-10T21:36:19 EST" duration-ms="1986" status="PASS">
          <reporter-output>
          </reporter-output>
        </test-method> <!-- afterMethod -->
        <test-method is-config="true" signature="beforeMethod()[pri:0, instance:CampaignTest.CreateCampaignTest@152aa092]" started-at="2025-11-10T21:36:19 EST" name="beforeMethod" finished-at="2025-11-10T21:36:21 EST" duration-ms="1581" status="PASS">
          <reporter-output>
          </reporter-output>
        </test-method> <!-- beforeMethod -->
        <test-method signature="createCampaignWithStatusTest()[pri:0, instance:CampaignTest.CreateCampaignTest@152aa092]" started-at="2025-11-10T21:36:21 EST" name="createCampaignWithStatusTest" finished-at="2025-11-10T21:36:23 EST" duration-ms="1754" status="PASS">
          <reporter-output>
          </reporter-output>
        </test-method> <!-- createCampaignWithStatusTest -->
        <test-method is-config="true" signature="afterMethod()[pri:0, instance:CampaignTest.CreateCampaignTest@152aa092]" started-at="2025-11-10T21:36:23 EST" name="afterMethod" finished-at="2025-11-10T21:36:24 EST" duration-ms="1268" status="PASS">
          <reporter-output>
          </reporter-output>
        </test-method> <!-- afterMethod -->
        <test-method is-config="true" signature="afterClass()[pri:0, instance:CampaignTest.CreateCampaignTest@152aa092]" started-at="2025-11-10T21:36:24 EST" name="afterClass" finished-at="2025-11-10T21:36:24 EST" duration-ms="243" status="PASS">
          <reporter-output>
          </reporter-output>
        </test-method> <!-- afterClass -->
        <test-method is-config="true" signature="afterTest()[pri:0, instance:CampaignTest.CreateCampaignTest@152aa092]" started-at="2025-11-10T21:37:23 EST" name="afterTest" finished-at="2025-11-10T21:37:23 EST" duration-ms="0" status="PASS">
          <reporter-output>
          </reporter-output>
        </test-method> <!-- afterTest -->
        <test-method is-config="true" signature="afterSuite()[pri:0, instance:CampaignTest.CreateCampaignTest@152aa092]" started-at="2025-11-10T21:37:23 EST" name="afterSuite" finished-at="2025-11-10T21:37:23 EST" duration-ms="1" status="PASS">
          <reporter-output>
          </reporter-output>
        </test-method> <!-- afterSuite -->
      </class> <!-- CampaignTest.CreateCampaignTest -->
    </test> <!-- Test -->
  </suite> <!-- Suite -->
</testng-results>
