<?xml version="1.0" encoding="UTF-8"?>
<testng-results ignored="0" total="2" passed="2" failed="0" skipped="0">
  <reporter-output>
  </reporter-output>
  <suite started-at="2026-01-27T16:39:50 EST" name="Default suite" finished-at="2026-01-27T16:40:49 EST" duration-ms="58986">
    <groups>
      <group name="regression">
        <method signature="CreateProductTest.createProductLaptopTest()[pri:0, instance:ProductTest.CreateProductTest@4988d8b8]" name="createProductLaptopTest" class="ProductTest.CreateProductTest"/>
        <method signature="CreateProductTest.createProductMobileTest()[pri:0, instance:ProductTest.CreateProductTest@4988d8b8]" name="createProductMobileTest" class="ProductTest.CreateProductTest"/>
      </group> <!-- regression -->
      <group name="smoke">
        <method signature="CreateProductTest.createProductLaptopTest()[pri:0, instance:ProductTest.CreateProductTest@4988d8b8]" name="createProductLaptopTest" class="ProductTest.CreateProductTest"/>
        <method signature="CreateProductTest.createProductMobileTest()[pri:0, instance:ProductTest.CreateProductTest@4988d8b8]" name="createProductMobileTest" class="ProductTest.CreateProductTest"/>
      </group> <!-- smoke -->
    </groups>
    <test started-at="2026-01-27T16:39:50 EST" name="Default test" finished-at="2026-01-27T16:40:49 EST" duration-ms="58986">
      <class name="ProductTest.CreateProductTest">
        <test-method is-config="true" signature="beforeSuite()[pri:0, instance:ProductTest.CreateProductTest@4988d8b8]" started-at="2026-01-27T16:39:50 EST" name="beforeSuite" finished-at="2026-01-27T16:39:50 EST" duration-ms="13" status="PASS">
          <reporter-output>
          </reporter-output>
        </test-method> <!-- beforeSuite -->
        <test-method is-config="true" signature="beforeTest()[pri:0, instance:ProductTest.CreateProductTest@4988d8b8]" started-at="2026-01-27T16:39:50 EST" name="beforeTest" finished-at="2026-01-27T16:39:50 EST" duration-ms="1" status="PASS">
          <reporter-output>
          </reporter-output>
        </test-method> <!-- beforeTest -->
        <test-method is-config="true" signature="beforeClass()[pri:0, instance:ProductTest.CreateProductTest@4988d8b8]" started-at="2026-01-27T16:39:50 EST" name="beforeClass" finished-at="2026-01-27T16:39:53 EST" duration-ms="2285" status="PASS">
          <reporter-output>
          </reporter-output>
        </test-method> <!-- beforeClass -->
        <test-method is-config="true" signature="beforeMethod()[pri:0, instance:ProductTest.CreateProductTest@4988d8b8]" started-at="2026-01-27T16:39:53 EST" name="beforeMethod" finished-at="2026-01-27T16:39:57 EST" duration-ms="4719" status="PASS">
          <reporter-output>
          </reporter-output>
        </test-method> <!-- beforeMethod -->
        <test-method signature="createProductLaptopTest()[pri:0, instance:ProductTest.CreateProductTest@4988d8b8]" started-at="2026-01-27T16:39:57 EST" name="createProductLaptopTest" finished-at="2026-01-27T16:40:21 EST" duration-ms="23193" status="PASS">
          <reporter-output>
          </reporter-output>
        </test-method> <!-- createProductLaptopTest -->
        <test-method is-config="true" signature="afterMethod()[pri:0, instance:ProductTest.CreateProductTest@4988d8b8]" started-at="2026-01-27T16:40:21 EST" name="afterMethod" finished-at="2026-01-27T16:40:24 EST" duration-ms="3384" status="PASS">
          <reporter-output>
          </reporter-output>
        </test-method> <!-- afterMethod -->
        <test-method is-config="true" signature="beforeMethod()[pri:0, instance:ProductTest.CreateProductTest@4988d8b8]" started-at="2026-01-27T16:40:24 EST" name="beforeMethod" finished-at="2026-01-27T16:40:26 EST" duration-ms="1728" status="PASS">
          <reporter-output>
          </reporter-output>
        </test-method> <!-- beforeMethod -->
        <test-method signature="createProductMobileTest()[pri:0, instance:ProductTest.CreateProductTest@4988d8b8]" started-at="2026-01-27T16:40:26 EST" name="createProductMobileTest" finished-at="2026-01-27T16:40:48 EST" duration-ms="21962" status="PASS">
          <reporter-output>
          </reporter-output>
        </test-method> <!-- createProductMobileTest -->
        <test-method is-config="true" signature="afterMethod()[pri:0, instance:ProductTest.CreateProductTest@4988d8b8]" started-at="2026-01-27T16:40:48 EST" name="afterMethod" finished-at="2026-01-27T16:40:49 EST" duration-ms="1410" status="PASS">
          <reporter-output>
          </reporter-output>
        </test-method> <!-- afterMethod -->
        <test-method is-config="true" signature="afterClass()[pri:0, instance:ProductTest.CreateProductTest@4988d8b8]" started-at="2026-01-27T16:40:49 EST" name="afterClass" finished-at="2026-01-27T16:40:49 EST" duration-ms="252" status="PASS">
          <reporter-output>
          </reporter-output>
        </test-method> <!-- afterClass -->
        <test-method is-config="true" signature="afterTest()[pri:0, instance:ProductTest.CreateProductTest@4988d8b8]" started-at="2026-01-27T16:40:49 EST" name="afterTest" finished-at="2026-01-27T16:40:49 EST" duration-ms="0" status="PASS">
          <reporter-output>
          </reporter-output>
        </test-method> <!-- afterTest -->
        <test-method is-config="true" signature="afterSuite()[pri:0, instance:ProductTest.CreateProductTest@4988d8b8]" started-at="2026-01-27T16:40:49 EST" name="afterSuite" finished-at="2026-01-27T16:40:49 EST" duration-ms="0" status="PASS">
          <reporter-output>
          </reporter-output>
        </test-method> <!-- afterSuite -->
      </class> <!-- ProductTest.CreateProductTest -->
    </test> <!-- Default test -->
  </suite> <!-- Default suite -->
</testng-results>
