<?xml version="1.0" encoding="UTF-8"?>
<testng-results ignored="0" total="3" passed="3" failed="0" skipped="0">
  <reporter-output>
  </reporter-output>
  <suite started-at="2026-01-27T15:34:37 EST" name="Default suite" finished-at="2026-01-27T15:35:05 EST" duration-ms="28163">
    <groups>
      <group name="regression">
        <method signature="CreateCampaignTest.createCampaignWithExpectedCloseDateTest()[pri:0, instance:CampaignTest.CreateCampaignTest@ae13544]" name="createCampaignWithExpectedCloseDateTest" class="CampaignTest.CreateCampaignTest"/>
        <method signature="CreateCampaignTest.createCampaignWithMandatoryFieldsTest()[pri:0, instance:CampaignTest.CreateCampaignTest@ae13544]" name="createCampaignWithMandatoryFieldsTest" class="CampaignTest.CreateCampaignTest"/>
        <method signature="CreateCampaignTest.createCampaignWithStatusTest()[pri:0, instance:CampaignTest.CreateCampaignTest@ae13544]" name="createCampaignWithStatusTest" class="CampaignTest.CreateCampaignTest"/>
      </group> <!-- regression -->
      <group name="smoke">
        <method signature="CreateCampaignTest.createCampaignWithMandatoryFieldsTest()[pri:0, instance:CampaignTest.CreateCampaignTest@ae13544]" name="createCampaignWithMandatoryFieldsTest" class="CampaignTest.CreateCampaignTest"/>
      </group> <!-- smoke -->
    </groups>
    <test started-at="2026-01-27T15:34:37 EST" name="Default test" finished-at="2026-01-27T15:35:05 EST" duration-ms="28163">
      <class name="CampaignTest.CreateCampaignTest">
        <test-method is-config="true" signature="beforeSuite()[pri:0, instance:CampaignTest.CreateCampaignTest@ae13544]" started-at="2026-01-27T15:34:37 EST" name="beforeSuite" finished-at="2026-01-27T15:34:37 EST" duration-ms="12" status="PASS">
          <reporter-output>
          </reporter-output>
        </test-method> <!-- beforeSuite -->
        <test-method is-config="true" signature="beforeTest()[pri:0, instance:CampaignTest.CreateCampaignTest@ae13544]" started-at="2026-01-27T15:34:37 EST" name="beforeTest" finished-at="2026-01-27T15:34:37 EST" duration-ms="1" status="PASS">
          <reporter-output>
          </reporter-output>
        </test-method> <!-- beforeTest -->
        <test-method is-config="true" signature="beforeClass()[pri:0, instance:CampaignTest.CreateCampaignTest@ae13544]" started-at="2026-01-27T15:34:37 EST" name="beforeClass" finished-at="2026-01-27T15:34:39 EST" duration-ms="2183" status="PASS">
          <reporter-output>
          </reporter-output>
        </test-method> <!-- beforeClass -->
        <test-method is-config="true" signature="beforeMethod()[pri:0, instance:CampaignTest.CreateCampaignTest@ae13544]" started-at="2026-01-27T15:34:39 EST" name="beforeMethod" finished-at="2026-01-27T15:34:48 EST" duration-ms="8970" status="PASS">
          <reporter-output>
          </reporter-output>
        </test-method> <!-- beforeMethod -->
        <test-method signature="createCampaignWithExpectedCloseDateTest()[pri:0, instance:CampaignTest.CreateCampaignTest@ae13544]" started-at="2026-01-27T15:34:48 EST" name="createCampaignWithExpectedCloseDateTest" finished-at="2026-01-27T15:34:51 EST" duration-ms="2302" status="PASS">
          <reporter-output>
          </reporter-output>
        </test-method> <!-- createCampaignWithExpectedCloseDateTest -->
        <test-method is-config="true" signature="afterMethod()[pri:0, instance:CampaignTest.CreateCampaignTest@ae13544]" started-at="2026-01-27T15:34:51 EST" name="afterMethod" finished-at="2026-01-27T15:34:55 EST" duration-ms="4214" status="PASS">
          <reporter-output>
          </reporter-output>
        </test-method> <!-- afterMethod -->
        <test-method is-config="true" signature="beforeMethod()[pri:0, instance:CampaignTest.CreateCampaignTest@ae13544]" started-at="2026-01-27T15:34:55 EST" name="beforeMethod" finished-at="2026-01-27T15:34:57 EST" duration-ms="1760" status="PASS">
          <reporter-output>
          </reporter-output>
        </test-method> <!-- beforeMethod -->
        <test-method signature="createCampaignWithMandatoryFieldsTest()[pri:0, instance:CampaignTest.CreateCampaignTest@ae13544]" started-at="2026-01-27T15:34:57 EST" name="createCampaignWithMandatoryFieldsTest" finished-at="2026-01-27T15:34:59 EST" duration-ms="1796" status="PASS">
          <reporter-output>
          </reporter-output>
        </test-method> <!-- createCampaignWithMandatoryFieldsTest -->
        <test-method is-config="true" signature="afterMethod()[pri:0, instance:CampaignTest.CreateCampaignTest@ae13544]" started-at="2026-01-27T15:34:59 EST" name="afterMethod" finished-at="2026-01-27T15:35:00 EST" duration-ms="1883" status="PASS">
          <reporter-output>
          </reporter-output>
        </test-method> <!-- afterMethod -->
        <test-method is-config="true" signature="beforeMethod()[pri:0, instance:CampaignTest.CreateCampaignTest@ae13544]" started-at="2026-01-27T15:35:00 EST" name="beforeMethod" finished-at="2026-01-27T15:35:02 EST" duration-ms="1552" status="PASS">
          <reporter-output>
          </reporter-output>
        </test-method> <!-- beforeMethod -->
        <test-method signature="createCampaignWithStatusTest()[pri:0, instance:CampaignTest.CreateCampaignTest@ae13544]" started-at="2026-01-27T15:35:02 EST" name="createCampaignWithStatusTest" finished-at="2026-01-27T15:35:04 EST" duration-ms="1739" status="PASS">
          <reporter-output>
          </reporter-output>
        </test-method> <!-- createCampaignWithStatusTest -->
        <test-method is-config="true" signature="afterMethod()[pri:0, instance:CampaignTest.CreateCampaignTest@ae13544]" started-at="2026-01-27T15:35:04 EST" name="afterMethod" finished-at="2026-01-27T15:35:05 EST" duration-ms="1456" status="PASS">
          <reporter-output>
          </reporter-output>
        </test-method> <!-- afterMethod -->
        <test-method is-config="true" signature="afterClass()[pri:0, instance:CampaignTest.CreateCampaignTest@ae13544]" started-at="2026-01-27T15:35:05 EST" name="afterClass" finished-at="2026-01-27T15:35:05 EST" duration-ms="252" status="PASS">
          <reporter-output>
          </reporter-output>
        </test-method> <!-- afterClass -->
        <test-method is-config="true" signature="afterTest()[pri:0, instance:CampaignTest.CreateCampaignTest@ae13544]" started-at="2026-01-27T15:35:05 EST" name="afterTest" finished-at="2026-01-27T15:35:05 EST" duration-ms="0" status="PASS">
          <reporter-output>
          </reporter-output>
        </test-method> <!-- afterTest -->
        <test-method is-config="true" signature="afterSuite()[pri:0, instance:CampaignTest.CreateCampaignTest@ae13544]" started-at="2026-01-27T15:35:05 EST" name="afterSuite" finished-at="2026-01-27T15:35:05 EST" duration-ms="0" status="PASS">
          <reporter-output>
          </reporter-output>
        </test-method> <!-- afterSuite -->
      </class> <!-- CampaignTest.CreateCampaignTest -->
    </test> <!-- Default test -->
  </suite> <!-- Default suite -->
</testng-results>
