<?xml version="1.0" encoding="UTF-8"?>
<!-- Generated by org.testng.reporters.JUnitReportReporter -->
<testsuite hostname="SriSaro-PC" failures="0" tests="3" name="practice.WorkingWithHelperAttributes" time="0.017" errors="0" timestamp="2025-11-06T21:22:11 EST" skipped="1">
  <testcase classname="practice.WorkingWithHelperAttributes" name="deleteProduct" time="0.014">
    <system-out>
      <![CDATA[Delete product]]>
    </system-out>
  </testcase> <!-- deleteProduct -->
  <testcase classname="practice.WorkingWithHelperAttributes" name="updateProduct" time="0.003">
    <system-out>
      <![CDATA[update product]]>
    </system-out>
  </testcase> <!-- updateProduct -->
  <testcase classname="practice.WorkingWithHelperAttributes" name="productCreation">
    <skipped/>
  </testcase> <!-- productCreation -->
  <system-out>
    <![CDATA[Delete product
update product]]>
  </system-out>
</testsuite> <!-- practice.WorkingWithHelperAttributes -->
