<?xml version="1.0" encoding="UTF-8"?>
<!-- Generated by org.testng.reporters.JUnitReportReporter -->
<testsuite hostname="SriSaro-PC" failures="0" tests="3" name="CampaignTest.CreateCampaignTest" time="20.161" errors="0" timestamp="2026-01-27T16:03:55 EST" skipped="0">
  <testcase classname="CampaignTest.CreateCampaignTest" name="createCampaignWithMandatoryFieldsTest" time="6.761"/>
  <testcase classname="CampaignTest.CreateCampaignTest" name="createCampaignWithStatusTest" time="7.583"/>
  <testcase classname="CampaignTest.CreateCampaignTest" name="createCampaignWithExpectedCloseDateTest" time="5.817"/>
</testsuite> <!-- CampaignTest.CreateCampaignTest -->
