<?xml version="1.0" encoding="UTF-8"?>
<!-- Generated by org.testng.reporters.JUnitReportReporter -->
<testsuite hostname="SriSaro-PC" failures="0" tests="2" name="ProductTest.CreateProductTest" time="55.834" errors="0" timestamp="2026-01-27T15:16:52 EST" skipped="0">
  <testcase classname="ProductTest.CreateProductTest" name="createProductLaptopTest" time="25.760"/>
  <testcase classname="ProductTest.CreateProductTest" name="createProductMobileTest" time="30.074"/>
</testsuite> <!-- ProductTest.CreateProductTest -->
