<?xml version="1.0" encoding="UTF-8"?>
<!-- Generated by org.testng.reporters.JUnitReportReporter -->
<testsuite hostname="SriSaro-PC" failures="0" tests="3" name="CampaignTest.CreateCampaignTest" time="27.556" errors="0" timestamp="2026-01-27T13:33:28 EST" skipped="0">
  <testcase classname="CampaignTest.CreateCampaignTest" name="createCampaignWithMandatoryFieldsTest" time="16.610"/>
  <testcase classname="CampaignTest.CreateCampaignTest" name="createCampaignWithExpectedCloseDateTest" time="6.005"/>
  <testcase classname="CampaignTest.CreateCampaignTest" name="createCampaignWithStatusTest" time="4.941"/>
</testsuite> <!-- CampaignTest.CreateCampaignTest -->
