<?xml version="1.0" encoding="UTF-8"?>
<!-- Generated by org.testng.reporters.JUnitReportReporter -->
<testsuite hostname="SriSaro-PC" failures="0" tests="3" name="practice.WorkingWithDataProvider" time="22.447" errors="0" timestamp="2025-11-07T20:47:50 EST" skipped="0">
  <testcase classname="practice.WorkingWithDataProvider" name="login" time="6.914"/>
  <testcase classname="practice.WorkingWithDataProvider" name="login" time="8.757"/>
  <testcase classname="practice.WorkingWithDataProvider" name="login" time="6.776"/>
</testsuite> <!-- practice.WorkingWithDataProvider -->
