<?xml version="1.0" encoding="UTF-8"?>
<!-- Generated by org.testng.reporters.JUnitReportReporter -->
<testsuite hostname="SriSaro-PC" failures="0" tests="2" name="ProductTest.CreateProductTest" time="56.396" errors="0" timestamp="2026-01-27T16:40:49 EST" skipped="0">
  <testcase classname="ProductTest.CreateProductTest" name="createProductMobileTest" time="30.065"/>
  <testcase classname="ProductTest.CreateProductTest" name="createProductLaptopTest" time="26.331"/>
</testsuite> <!-- ProductTest.CreateProductTest -->
