<?xml version="1.0" encoding="UTF-8"?>
<!-- Generated by org.testng.reporters.JUnitReportReporter -->
<testsuite hostname="SriSaro-PC" failures="0" tests="2" name="ProductTest.CreateProductTest" time="57.062" errors="0" timestamp="2026-01-27T16:06:46 EST" skipped="0">
  <testcase classname="ProductTest.CreateProductTest" name="createProductMobileTest" time="28.300"/>
  <testcase classname="ProductTest.CreateProductTest" name="createProductLaptopTest" time="28.762"/>
</testsuite> <!-- ProductTest.CreateProductTest -->
