<?xml version="1.0" encoding="UTF-8"?>
<!-- Generated by org.testng.reporters.JUnitReportReporter -->
<testsuite hostname="SriSaro-PC" failures="0" tests="3" name="practice.Demo" time="0.020" errors="0" timestamp="2025-10-27T07:43:10 EDT" skipped="0">
  <testcase classname="practice.Demo" name="updateProduct" time="0.002">
    <system-out>
      <![CDATA[update product]]>
    </system-out>
  </testcase> <!-- updateProduct -->
  <testcase classname="practice.Demo" name="deleteProduct" time="0.003">
    <system-out>
      <![CDATA[Delete product]]>
    </system-out>
  </testcase> <!-- deleteProduct -->
  <testcase classname="practice.Demo" name="productCreation" time="0.015">
    <system-out>
      <![CDATA[create product]]>
    </system-out>
  </testcase> <!-- productCreation -->
  <system-out>
    <![CDATA[create product
update product
Delete product]]>
  </system-out>
</testsuite> <!-- practice.Demo -->
