<?xml version="1.0" encoding="UTF-8"?>
<!-- Generated by org.testng.reporters.JUnitReportReporter -->
<testsuite hostname="SriSaro-PC" failures="0" tests="2" name="ProductTest.CreateProductTest" time="57.159" errors="0" timestamp="2025-11-10T21:37:24 EST" skipped="0">
  <testcase classname="ProductTest.CreateProductTest" name="createProductLaptopTest" time="26.797"/>
  <testcase classname="ProductTest.CreateProductTest" name="createProductMobileTest" time="30.362"/>
</testsuite> <!-- ProductTest.CreateProductTest -->
